<?xml version="1.0" encoding="UTF-8"?>
<testsuite xmlns:xsi="http://www.w3.org/2001/XMLSchema-instance" xsi:noNamespaceSchemaLocation="https://maven.apache.org/surefire/maven-surefire-plugin/xsd/surefire-test-report-3.0.xsd" version="3.0" name="test.TestSicredNegativeTests" time="4.251" tests="9" errors="0" skipped="2" failures="1">
  <properties>
    <property name="java.specification.version" value="17"/>
    <property name="sun.cpu.isalist" value="amd64"/>
    <property name="sun.jnu.encoding" value="Cp1252"/>
    <property name="java.class.path" value="C:\Users\lucas\eclipse-workspace\SicredProject\target\test-classes;C:\Users\lucas\eclipse-workspace\SicredProject\target\classes;C:\Users\lucas\.m2\repository\junit\junit\4.13.2\junit-4.13.2.jar;C:\Users\lucas\.m2\repository\org\hamcrest\hamcrest-core\1.3\hamcrest-core-1.3.jar;C:\Users\lucas\.m2\repository\io\rest-assured\rest-assured\5.3.0\rest-assured-5.3.0.jar;C:\Users\lucas\.m2\repository\org\apache\groovy\groovy\4.0.6\groovy-4.0.6.jar;C:\Users\lucas\.m2\repository\org\apache\groovy\groovy-xml\4.0.6\groovy-xml-4.0.6.jar;C:\Users\lucas\.m2\repository\org\apache\httpcomponents\httpclient\4.5.13\httpclient-4.5.13.jar;C:\Users\lucas\.m2\repository\org\apache\httpcomponents\httpcore\4.4.13\httpcore-4.4.13.jar;C:\Users\lucas\.m2\repository\commons-logging\commons-logging\1.2\commons-logging-1.2.jar;C:\Users\lucas\.m2\repository\commons-codec\commons-codec\1.11\commons-codec-1.11.jar;C:\Users\lucas\.m2\repository\org\apache\httpcomponents\httpmime\4.5.13\httpmime-4.5.13.jar;C:\Users\lucas\.m2\repository\org\ccil\cowan\tagsoup\tagsoup\1.2.1\tagsoup-1.2.1.jar;C:\Users\lucas\.m2\repository\io\rest-assured\json-path\5.3.0\json-path-5.3.0.jar;C:\Users\lucas\.m2\repository\org\apache\groovy\groovy-json\4.0.6\groovy-json-4.0.6.jar;C:\Users\lucas\.m2\repository\io\rest-assured\rest-assured-common\5.3.0\rest-assured-common-5.3.0.jar;C:\Users\lucas\.m2\repository\io\rest-assured\xml-path\5.3.0\xml-path-5.3.0.jar;C:\Users\lucas\.m2\repository\org\apache\commons\commons-lang3\3.11\commons-lang3-3.11.jar;C:\Users\lucas\.m2\repository\org\hamcrest\hamcrest\2.2\hamcrest-2.2.jar;C:\Users\lucas\.m2\repository\org\json\json\20230227\json-20230227.jar;C:\Users\lucas\.m2\repository\commons-io\commons-io\2.4\commons-io-2.4.jar;C:\Users\lucas\.m2\repository\io\qameta\allure\allure-junit4\2.18.1\allure-junit4-2.18.1.jar;C:\Users\lucas\.m2\repository\io\qameta\allure\allure-java-commons\2.18.1\allure-java-commons-2.18.1.jar;C:\Users\lucas\.m2\repository\org\slf4j\slf4j-api\1.7.30\slf4j-api-1.7.30.jar;C:\Users\lucas\.m2\repository\io\qameta\allure\allure-model\2.18.1\allure-model-2.18.1.jar;C:\Users\lucas\.m2\repository\io\qameta\allure\allure-rest-assured\2.14.0\allure-rest-assured-2.14.0.jar;C:\Users\lucas\.m2\repository\io\qameta\allure\allure-attachments\2.14.0\allure-attachments-2.14.0.jar;C:\Users\lucas\.m2\repository\org\freemarker\freemarker\2.3.31\freemarker-2.3.31.jar;C:\Users\lucas\.m2\repository\log4j\log4j\1.2.17\log4j-1.2.17.jar;C:\Users\lucas\.m2\repository\org\apache\logging\log4j\log4j-core\2.17.1\log4j-core-2.17.1.jar;C:\Users\lucas\.m2\repository\org\apache\logging\log4j\log4j-api\2.17.1\log4j-api-2.17.1.jar;C:\Users\lucas\.m2\repository\com\fasterxml\jackson\core\jackson-databind\2.15.2\jackson-databind-2.15.2.jar;C:\Users\lucas\.m2\repository\com\fasterxml\jackson\core\jackson-annotations\2.15.2\jackson-annotations-2.15.2.jar;C:\Users\lucas\.m2\repository\com\fasterxml\jackson\core\jackson-core\2.15.2\jackson-core-2.15.2.jar;"/>
    <property name="java.vm.vendor" value="Oracle Corporation"/>
    <property name="sun.arch.data.model" value="64"/>
    <property name="user.variant" value=""/>
    <property name="java.vendor.url" value="https://java.oracle.com/"/>
    <property name="user.timezone" value="America/Sao_Paulo"/>
    <property name="user.country.format" value="US"/>
    <property name="os.name" value="Windows 11"/>
    <property name="java.vm.specification.version" value="17"/>
    <property name="sun.java.launcher" value="SUN_STANDARD"/>
    <property name="user.country" value="BR"/>
    <property name="sun.boot.library.path" value="C:\Program Files\Java\jdk-17\bin"/>
    <property name="sun.java.command" value="C:\Users\lucas\AppData\Local\Temp\surefire10116927692455810801\surefirebooter16479650664557060644.jar C:\Users\lucas\AppData\Local\Temp\surefire10116927692455810801 2023-07-18T21-35-28_223-jvmRun1 surefire3207119753858160417tmp surefire_014667409341977168789tmp"/>
    <property name="jdk.debug" value="release"/>
    <property name="surefire.test.class.path" value="C:\Users\lucas\eclipse-workspace\SicredProject\target\test-classes;C:\Users\lucas\eclipse-workspace\SicredProject\target\classes;C:\Users\lucas\.m2\repository\junit\junit\4.13.2\junit-4.13.2.jar;C:\Users\lucas\.m2\repository\org\hamcrest\hamcrest-core\1.3\hamcrest-core-1.3.jar;C:\Users\lucas\.m2\repository\io\rest-assured\rest-assured\5.3.0\rest-assured-5.3.0.jar;C:\Users\lucas\.m2\repository\org\apache\groovy\groovy\4.0.6\groovy-4.0.6.jar;C:\Users\lucas\.m2\repository\org\apache\groovy\groovy-xml\4.0.6\groovy-xml-4.0.6.jar;C:\Users\lucas\.m2\repository\org\apache\httpcomponents\httpclient\4.5.13\httpclient-4.5.13.jar;C:\Users\lucas\.m2\repository\org\apache\httpcomponents\httpcore\4.4.13\httpcore-4.4.13.jar;C:\Users\lucas\.m2\repository\commons-logging\commons-logging\1.2\commons-logging-1.2.jar;C:\Users\lucas\.m2\repository\commons-codec\commons-codec\1.11\commons-codec-1.11.jar;C:\Users\lucas\.m2\repository\org\apache\httpcomponents\httpmime\4.5.13\httpmime-4.5.13.jar;C:\Users\lucas\.m2\repository\org\ccil\cowan\tagsoup\tagsoup\1.2.1\tagsoup-1.2.1.jar;C:\Users\lucas\.m2\repository\io\rest-assured\json-path\5.3.0\json-path-5.3.0.jar;C:\Users\lucas\.m2\repository\org\apache\groovy\groovy-json\4.0.6\groovy-json-4.0.6.jar;C:\Users\lucas\.m2\repository\io\rest-assured\rest-assured-common\5.3.0\rest-assured-common-5.3.0.jar;C:\Users\lucas\.m2\repository\io\rest-assured\xml-path\5.3.0\xml-path-5.3.0.jar;C:\Users\lucas\.m2\repository\org\apache\commons\commons-lang3\3.11\commons-lang3-3.11.jar;C:\Users\lucas\.m2\repository\org\hamcrest\hamcrest\2.2\hamcrest-2.2.jar;C:\Users\lucas\.m2\repository\org\json\json\20230227\json-20230227.jar;C:\Users\lucas\.m2\repository\commons-io\commons-io\2.4\commons-io-2.4.jar;C:\Users\lucas\.m2\repository\io\qameta\allure\allure-junit4\2.18.1\allure-junit4-2.18.1.jar;C:\Users\lucas\.m2\repository\io\qameta\allure\allure-java-commons\2.18.1\allure-java-commons-2.18.1.jar;C:\Users\lucas\.m2\repository\org\slf4j\slf4j-api\1.7.30\slf4j-api-1.7.30.jar;C:\Users\lucas\.m2\repository\io\qameta\allure\allure-model\2.18.1\allure-model-2.18.1.jar;C:\Users\lucas\.m2\repository\io\qameta\allure\allure-rest-assured\2.14.0\allure-rest-assured-2.14.0.jar;C:\Users\lucas\.m2\repository\io\qameta\allure\allure-attachments\2.14.0\allure-attachments-2.14.0.jar;C:\Users\lucas\.m2\repository\org\freemarker\freemarker\2.3.31\freemarker-2.3.31.jar;C:\Users\lucas\.m2\repository\log4j\log4j\1.2.17\log4j-1.2.17.jar;C:\Users\lucas\.m2\repository\org\apache\logging\log4j\log4j-core\2.17.1\log4j-core-2.17.1.jar;C:\Users\lucas\.m2\repository\org\apache\logging\log4j\log4j-api\2.17.1\log4j-api-2.17.1.jar;C:\Users\lucas\.m2\repository\com\fasterxml\jackson\core\jackson-databind\2.15.2\jackson-databind-2.15.2.jar;C:\Users\lucas\.m2\repository\com\fasterxml\jackson\core\jackson-annotations\2.15.2\jackson-annotations-2.15.2.jar;C:\Users\lucas\.m2\repository\com\fasterxml\jackson\core\jackson-core\2.15.2\jackson-core-2.15.2.jar;"/>
    <property name="sun.cpu.endian" value="little"/>
    <property name="user.home" value="C:\Users\lucas"/>
    <property name="user.language" value="pt"/>
    <property name="java.specification.vendor" value="Oracle Corporation"/>
    <property name="java.version.date" value="2023-04-18"/>
    <property name="java.home" value="C:\Program Files\Java\jdk-17"/>
    <property name="file.separator" value="\"/>
    <property name="style.color" value="always"/>
    <property name="basedir" value="C:\Users\lucas\eclipse-workspace\SicredProject"/>
    <property name="java.vm.compressedOopsMode" value="32-bit"/>
    <property name="line.separator" value="&#10;"/>
    <property name="java.vm.specification.vendor" value="Oracle Corporation"/>
    <property name="java.specification.name" value="Java Platform API Specification"/>
    <property name="surefire.real.class.path" value="C:\Users\lucas\AppData\Local\Temp\surefire10116927692455810801\surefirebooter16479650664557060644.jar"/>
    <property name="user.script" value=""/>
    <property name="sun.management.compiler" value="HotSpot 64-Bit Tiered Compilers"/>
    <property name="java.runtime.version" value="17.0.7+8-LTS-224"/>
    <property name="user.name" value="lucas"/>
    <property name="path.separator" value=";"/>
    <property name="os.version" value="10.0"/>
    <property name="java.runtime.name" value="Java(TM) SE Runtime Environment"/>
    <property name="file.encoding" value="Cp1252"/>
    <property name="java.vm.name" value="Java HotSpot(TM) 64-Bit Server VM"/>
    <property name="localRepository" value="C:\Users\lucas\.m2\repository"/>
    <property name="java.vendor.url.bug" value="https://bugreport.java.com/bugreport/"/>
    <property name="java.io.tmpdir" value="C:\Users\lucas\AppData\Local\Temp\"/>
    <property name="java.version" value="17.0.7"/>
    <property name="user.dir" value="C:\Users\lucas\eclipse-workspace\SicredProject"/>
    <property name="os.arch" value="amd64"/>
    <property name="java.vm.specification.name" value="Java Virtual Machine Specification"/>
    <property name="user.language.format" value="en"/>
    <property name="sun.os.patch.level" value=""/>
    <property name="native.encoding" value="Cp1252"/>
    <property name="java.library.path" value="C:\Program Files\Java\jdk-17\bin;C:\WINDOWS\Sun\Java\bin;C:\WINDOWS\system32;C:\WINDOWS;C:\Program Files\Common Files\Oracle\Java\javapath;C:\Windows\system32;C:\Windows;C:\Windows\System32\Wbem;C:\Windows\System32\WindowsPowerShell\v1.0\;C:\Windows\System32\OpenSSH\;C:\Program Files (x86)\NVIDIA Corporation\PhysX\Common;C:\Program Files\NVIDIA Corporation\NVIDIA NvDLISR;C:\WINDOWS\system32;C:\WINDOWS;C:\WINDOWS\System32\Wbem;C:\WINDOWS\System32\WindowsPowerShell\v1.0\;C:\WINDOWS\System32\OpenSSH\;C:\Program Files\nodejs\;C:\Program Files\Java\jdk-17\bin;C:\apache-maven-3.9.3\bin;C:\Users\lucas\AppData\Local\Microsoft\WindowsApps;C:\Users\lucas\AppData\Roaming\npm;C:\Users\lucas\AppData\Local\Programs\Microsoft VS Code\bin;."/>
    <property name="java.vm.info" value="mixed mode, sharing"/>
    <property name="java.vendor" value="Oracle Corporation"/>
    <property name="java.vm.version" value="17.0.7+8-LTS-224"/>
    <property name="sun.io.unicode.encoding" value="UnicodeLittle"/>
    <property name="java.class.version" value="61.0"/>
  </properties>
  <testcase name="t01_shoulNotFoundUser" classname="test.TestSicredNegativeTests" time="0.604">
    <system-out><![CDATA[18-07-2023 21:35:37 INFO  BaseTest:63 - START -> t01_shoulNotFoundUser
Request method:	GET
Request URI:	https://dummyjson.com/users/1001
Proxy:			<none>
Request params:	<none>
Query params:	<none>
Form params:	<none>
Path params:	<none>
Headers:		Accept=*/*
				Content-Type=application/json
Cookies:		<none>
Multiparts:		<none>
Body:			<none>
Request method:	GET
Request URI:	https://dummyjson.com/users/1001
Proxy:			<none>
Request params:	<none>
Query params:	<none>
Form params:	<none>
Path params:	<none>
Headers:		Accept=*/*
				Content-Type=application/json
Cookies:		<none>
Multiparts:		<none>
Body:			<none>
Request method:	GET
Request URI:	https://dummyjson.com/users/1001
Proxy:			<none>
Request params:	<none>
Query params:	<none>
Form params:	<none>
Path params:	<none>
Headers:		Accept=*/*
				Content-Type=application/json
Cookies:		<none>
Multiparts:		<none>
Body:			<none>
Request method:	GET
Request URI:	https://dummyjson.com/users/1001
Proxy:			<none>
Request params:	<none>
Query params:	<none>
Form params:	<none>
Path params:	<none>
Headers:		Accept=*/*
				Content-Type=application/json
Cookies:		<none>
Multiparts:		<none>
Body:			<none>
Request method:	GET
Request URI:	https://dummyjson.com/users/1001
Proxy:			<none>
Request params:	<none>
Query params:	<none>
Form params:	<none>
Path params:	<none>
Headers:		Accept=*/*
				Content-Type=application/json
Cookies:		<none>
Multiparts:		<none>
Body:			<none>
Request method:	GET
Request URI:	https://dummyjson.com/users/1001
Proxy:			<none>
Request params:	<none>
Query params:	<none>
Form params:	<none>
Path params:	<none>
Headers:		Accept=*/*
				Content-Type=application/json
Cookies:		<none>
Multiparts:		<none>
Body:			<none>
Request method:	GET
Request URI:	https://dummyjson.com/users/1001
Proxy:			<none>
Request params:	<none>
Query params:	<none>
Form params:	<none>
Path params:	<none>
Headers:		Accept=*/*
				Content-Type=application/json
Cookies:		<none>
Multiparts:		<none>
Body:			<none>
HTTP/1.1 404 Not Found
access-control-allow-origin: *
x-dns-prefetch-control: off
x-frame-options: SAMEORIGIN
strict-transport-security: max-age=15552000; includeSubDomains
x-download-options: noopen
x-content-type-options: nosniff
x-xss-protection: 1; mode=block
x-ratelimit-limit: 120
x-ratelimit-remaining: 111
date: Wed, 19 Jul 2023 00:35:38 GMT
x-ratelimit-reset: 1689726945
content-type: application/json; charset=utf-8
content-length: 43
etag: W/"2b-iU+Hkz+berUMWQG1kQ26rdJMHhY"
vary: Accept-Encoding
server: railway

{
    "message": "User with id '1001' not found"
}
18-07-2023 21:35:38 INFO  BaseTest:70 - Request method:	GET
Request URI:	https://dummyjson.com/users/1001
Proxy:			<none>
Request params:	<none>
Query params:	<none>
Form params:	<none>
Path params:	<none>
Headers:		Accept=*/*
				Content-Type=application/json
Cookies:		<none>
Multiparts:		<none>
Body:			<none>

18-07-2023 21:35:38 INFO  BaseTest:71 -  RESPONSE: 
HTTP/1.1 404 Not Found
access-control-allow-origin: *
x-dns-prefetch-control: off
x-frame-options: SAMEORIGIN
strict-transport-security: max-age=15552000; includeSubDomains
x-download-options: noopen
x-content-type-options: nosniff
x-xss-protection: 1; mode=block
x-ratelimit-limit: 120
x-ratelimit-remaining: 111
date: Wed, 19 Jul 2023 00:35:38 GMT
x-ratelimit-reset: 1689726945
content-type: application/json; charset=utf-8
content-length: 43
etag: W/"2b-iU+Hkz+berUMWQG1kQ26rdJMHhY"
vary: Accept-Encoding
server: railway

{
    "message": "User with id '1001' not found"
}

18-07-2023 21:35:38 INFO  BaseTest:72 - FINISH -> t01_shoulNotFoundUser
]]></system-out>
  </testcase>
  <testcase name="t02_shouldLoginInvalidCredentials" classname="test.TestSicredNegativeTests" time="0.618">
    <system-out><![CDATA[18-07-2023 21:35:38 INFO  BaseTest:63 - START -> t02_shouldLoginInvalidCredentials
Request method:	POST
Request URI:	https://dummyjson.com/auth/login
Proxy:			<none>
Request params:	<none>
Query params:	<none>
Form params:	<none>
Path params:	<none>
Headers:		Accept=*/*
				Content-Type=application/json
Cookies:		<none>
Multiparts:		<none>
Body:
{
    "password": "0lelplRs",
    "username": "kminchelle"
}
Request method:	POST
Request URI:	https://dummyjson.com/auth/login
Proxy:			<none>
Request params:	<none>
Query params:	<none>
Form params:	<none>
Path params:	<none>
Headers:		Accept=*/*
				Content-Type=application/json
Cookies:		<none>
Multiparts:		<none>
Body:
{
    "password": "0lelplRs",
    "username": "kminchelle"
}
Request method:	POST
Request URI:	https://dummyjson.com/auth/login
Proxy:			<none>
Request params:	<none>
Query params:	<none>
Form params:	<none>
Path params:	<none>
Headers:		Accept=*/*
				Content-Type=application/json
Cookies:		<none>
Multiparts:		<none>
Body:
{
    "password": "0lelplRs",
    "username": "kminchelle"
}
Request method:	POST
Request URI:	https://dummyjson.com/auth/login
Proxy:			<none>
Request params:	<none>
Query params:	<none>
Form params:	<none>
Path params:	<none>
Headers:		Accept=*/*
				Content-Type=application/json
Cookies:		<none>
Multiparts:		<none>
Body:
{
    "password": "0lelplRs",
    "username": "kminchelle"
}
Request method:	POST
Request URI:	https://dummyjson.com/auth/login
Proxy:			<none>
Request params:	<none>
Query params:	<none>
Form params:	<none>
Path params:	<none>
Headers:		Accept=*/*
				Content-Type=application/json
Cookies:		<none>
Multiparts:		<none>
Body:
{
    "password": "0lelplRs",
    "username": "kminchelle"
}
Request method:	POST
Request URI:	https://dummyjson.com/auth/login
Proxy:			<none>
Request params:	<none>
Query params:	<none>
Form params:	<none>
Path params:	<none>
Headers:		Accept=*/*
				Content-Type=application/json
Cookies:		<none>
Multiparts:		<none>
Body:
{
    "password": "0lelplRs",
    "username": "kminchelle"
}
Request method:	POST
Request URI:	https://dummyjson.com/auth/login
Proxy:			<none>
Request params:	<none>
Query params:	<none>
Form params:	<none>
Path params:	<none>
Headers:		Accept=*/*
				Content-Type=application/json
Cookies:		<none>
Multiparts:		<none>
Body:
{
    "password": "0lelplRs",
    "username": "kminchelle"
}
Request method:	POST
Request URI:	https://dummyjson.com/auth/login
Proxy:			<none>
Request params:	<none>
Query params:	<none>
Form params:	<none>
Path params:	<none>
Headers:		Accept=*/*
				Content-Type=application/json
Cookies:		<none>
Multiparts:		<none>
Body:
{
    "password": "0lelplRs",
    "username": "kminchelle"
}
Request method:	POST
Request URI:	https://dummyjson.com/auth/login
Proxy:			<none>
Request params:	<none>
Query params:	<none>
Form params:	<none>
Path params:	<none>
Headers:		Accept=*/*
				Content-Type=application/json
Cookies:		<none>
Multiparts:		<none>
Body:
{
    "password": "0lelplRs",
    "username": "kminchelle"
}
HTTP/1.1 400 Bad Request
access-control-allow-origin: *
x-dns-prefetch-control: off
x-frame-options: SAMEORIGIN
strict-transport-security: max-age=15552000; includeSubDomains
x-download-options: noopen
x-content-type-options: nosniff
x-xss-protection: 1; mode=block
x-ratelimit-limit: 120
x-ratelimit-remaining: 110
date: Wed, 19 Jul 2023 00:35:38 GMT
x-ratelimit-reset: 1689726945
content-type: application/json; charset=utf-8
content-length: 33
etag: W/"21-dBEoW0UmTF+EGUMaprEp9/8zNNA"
vary: Accept-Encoding
server: railway

{
    "message": "Invalid credentials"
}
18-07-2023 21:35:39 INFO  BaseTest:70 - Request method:	POST
Request URI:	https://dummyjson.com/auth/login
Proxy:			<none>
Request params:	<none>
Query params:	<none>
Form params:	<none>
Path params:	<none>
Headers:		Accept=*/*
				Content-Type=application/json
Cookies:		<none>
Multiparts:		<none>
Body:
{
    "password": "0lelplRs",
    "username": "kminchelle"
}

18-07-2023 21:35:39 INFO  BaseTest:71 -  RESPONSE: 
HTTP/1.1 400 Bad Request
access-control-allow-origin: *
x-dns-prefetch-control: off
x-frame-options: SAMEORIGIN
strict-transport-security: max-age=15552000; includeSubDomains
x-download-options: noopen
x-content-type-options: nosniff
x-xss-protection: 1; mode=block
x-ratelimit-limit: 120
x-ratelimit-remaining: 110
date: Wed, 19 Jul 2023 00:35:38 GMT
x-ratelimit-reset: 1689726945
content-type: application/json; charset=utf-8
content-length: 33
etag: W/"21-dBEoW0UmTF+EGUMaprEp9/8zNNA"
vary: Accept-Encoding
server: railway

{
    "message": "Invalid credentials"
}

18-07-2023 21:35:39 INFO  BaseTest:72 - FINISH -> t02_shouldLoginInvalidCredentials
]]></system-out>
  </testcase>
  <testcase name="t03_shouldLoginWithWrongResource" classname="test.TestSicredNegativeTests" time="0.597">
    <system-out><![CDATA[18-07-2023 21:35:39 INFO  BaseTest:63 - START -> t03_shouldLoginWithWrongResource
Request method:	POST
Request URI:	https://dummyjson.com/auth/logi
Proxy:			<none>
Request params:	<none>
Query params:	<none>
Form params:	<none>
Path params:	<none>
Headers:		Accept=*/*
				Content-Type=application/json
Cookies:		<none>
Multiparts:		<none>
Body:
{
    "password": "0lelplR",
    "username": "kminchelle"
}
Request method:	POST
Request URI:	https://dummyjson.com/auth/logi
Proxy:			<none>
Request params:	<none>
Query params:	<none>
Form params:	<none>
Path params:	<none>
Headers:		Accept=*/*
				Content-Type=application/json
Cookies:		<none>
Multiparts:		<none>
Body:
{
    "password": "0lelplR",
    "username": "kminchelle"
}
Request method:	POST
Request URI:	https://dummyjson.com/auth/logi
Proxy:			<none>
Request params:	<none>
Query params:	<none>
Form params:	<none>
Path params:	<none>
Headers:		Accept=*/*
				Content-Type=application/json
Cookies:		<none>
Multiparts:		<none>
Body:
{
    "password": "0lelplR",
    "username": "kminchelle"
}
Request method:	POST
Request URI:	https://dummyjson.com/auth/logi
Proxy:			<none>
Request params:	<none>
Query params:	<none>
Form params:	<none>
Path params:	<none>
Headers:		Accept=*/*
				Content-Type=application/json
Cookies:		<none>
Multiparts:		<none>
Body:
{
    "password": "0lelplR",
    "username": "kminchelle"
}
Request method:	POST
Request URI:	https://dummyjson.com/auth/logi
Proxy:			<none>
Request params:	<none>
Query params:	<none>
Form params:	<none>
Path params:	<none>
Headers:		Accept=*/*
				Content-Type=application/json
Cookies:		<none>
Multiparts:		<none>
Body:
{
    "password": "0lelplR",
    "username": "kminchelle"
}
Request method:	POST
Request URI:	https://dummyjson.com/auth/logi
Proxy:			<none>
Request params:	<none>
Query params:	<none>
Form params:	<none>
Path params:	<none>
Headers:		Accept=*/*
				Content-Type=application/json
Cookies:		<none>
Multiparts:		<none>
Body:
{
    "password": "0lelplR",
    "username": "kminchelle"
}
Request method:	POST
Request URI:	https://dummyjson.com/auth/logi
Proxy:			<none>
Request params:	<none>
Query params:	<none>
Form params:	<none>
Path params:	<none>
Headers:		Accept=*/*
				Content-Type=application/json
Cookies:		<none>
Multiparts:		<none>
Body:
{
    "password": "0lelplR",
    "username": "kminchelle"
}
Request method:	POST
Request URI:	https://dummyjson.com/auth/logi
Proxy:			<none>
Request params:	<none>
Query params:	<none>
Form params:	<none>
Path params:	<none>
Headers:		Accept=*/*
				Content-Type=application/json
Cookies:		<none>
Multiparts:		<none>
Body:
{
    "password": "0lelplR",
    "username": "kminchelle"
}
Request method:	POST
Request URI:	https://dummyjson.com/auth/logi
Proxy:			<none>
Request params:	<none>
Query params:	<none>
Form params:	<none>
Path params:	<none>
Headers:		Accept=*/*
				Content-Type=application/json
Cookies:		<none>
Multiparts:		<none>
Body:
{
    "password": "0lelplR",
    "username": "kminchelle"
}
Request method:	POST
Request URI:	https://dummyjson.com/auth/logi
Proxy:			<none>
Request params:	<none>
Query params:	<none>
Form params:	<none>
Path params:	<none>
Headers:		Accept=*/*
				Content-Type=application/json
Cookies:		<none>
Multiparts:		<none>
Body:
{
    "password": "0lelplR",
    "username": "kminchelle"
}
HTTP/1.1 403 Forbidden
access-control-allow-origin: *
x-dns-prefetch-control: off
x-frame-options: SAMEORIGIN
strict-transport-security: max-age=15552000; includeSubDomains
x-download-options: noopen
x-content-type-options: nosniff
x-xss-protection: 1; mode=block
x-ratelimit-limit: 120
x-ratelimit-remaining: 109
date: Wed, 19 Jul 2023 00:35:39 GMT
x-ratelimit-reset: 1689726945
content-type: application/json; charset=utf-8
content-length: 36
etag: W/"24-b6+X0C/ln0y1N3t8Keg4pCe3GoU"
vary: Accept-Encoding
server: railway

{
    "message": "Authentication Problem"
}
18-07-2023 21:35:39 INFO  BaseTest:70 - Request method:	POST
Request URI:	https://dummyjson.com/auth/logi
Proxy:			<none>
Request params:	<none>
Query params:	<none>
Form params:	<none>
Path params:	<none>
Headers:		Accept=*/*
				Content-Type=application/json
Cookies:		<none>
Multiparts:		<none>
Body:
{
    "password": "0lelplR",
    "username": "kminchelle"
}

18-07-2023 21:35:39 INFO  BaseTest:71 -  RESPONSE: 
HTTP/1.1 403 Forbidden
access-control-allow-origin: *
x-dns-prefetch-control: off
x-frame-options: SAMEORIGIN
strict-transport-security: max-age=15552000; includeSubDomains
x-download-options: noopen
x-content-type-options: nosniff
x-xss-protection: 1; mode=block
x-ratelimit-limit: 120
x-ratelimit-remaining: 109
date: Wed, 19 Jul 2023 00:35:39 GMT
x-ratelimit-reset: 1689726945
content-type: application/json; charset=utf-8
content-length: 36
etag: W/"24-b6+X0C/ln0y1N3t8Keg4pCe3GoU"
vary: Accept-Encoding
server: railway

{
    "message": "Authentication Problem"
}

18-07-2023 21:35:39 INFO  BaseTest:72 - FINISH -> t03_shouldLoginWithWrongResource
]]></system-out>
  </testcase>
  <testcase name="t04_shouldNotLoginWithExpiredToken" classname="test.TestSicredNegativeTests" time="0.606">
    <system-out><![CDATA[18-07-2023 21:35:39 INFO  BaseTest:63 - START -> t04_shouldNotLoginWithExpiredToken
Request method:	GET
Request URI:	https://dummyjson.com/auth/login
Proxy:			<none>
Request params:	<none>
Query params:	<none>
Form params:	<none>
Path params:	<none>
Headers:		Authorization=Bearer eyJhbGciOiJIUzI1NiIsInR5cCI6IkpXVCJ9.eyJpZCI6MTUsInVzZXJuYW1lIjoia21pbmNoZWxsZSIsImVtYWlsIjoia21pbmNoZWxsZUBxcS5jb20iLCJmaXJzdE5hbWUiOiJKZWFubmUiLCJsYXN0TmFtZSI6IkhhbHZvcnNvbiIsImdlbmRlciI6ImZlbWFsZSIsImltYWdlIjoiaHR0cHM6Ly9yb2JvaGFzaC5vcmcvYXV0cXVpYXV0LnBuZyIsImlhdCI6MTY4OTM4NDA0MiwiZXhwIjoxNjg5Mzg3NjQyfQ.-CUAeu1D1_rjJBiPRg273pEg9jGdoSSCOTrLcwq2O_U
				Accept=*/*
				Content-Type=application/json
Cookies:		<none>
Multiparts:		<none>
Body:			<none>
Request method:	GET
Request URI:	https://dummyjson.com/auth/login
Proxy:			<none>
Request params:	<none>
Query params:	<none>
Form params:	<none>
Path params:	<none>
Headers:		Authorization=Bearer eyJhbGciOiJIUzI1NiIsInR5cCI6IkpXVCJ9.eyJpZCI6MTUsInVzZXJuYW1lIjoia21pbmNoZWxsZSIsImVtYWlsIjoia21pbmNoZWxsZUBxcS5jb20iLCJmaXJzdE5hbWUiOiJKZWFubmUiLCJsYXN0TmFtZSI6IkhhbHZvcnNvbiIsImdlbmRlciI6ImZlbWFsZSIsImltYWdlIjoiaHR0cHM6Ly9yb2JvaGFzaC5vcmcvYXV0cXVpYXV0LnBuZyIsImlhdCI6MTY4OTM4NDA0MiwiZXhwIjoxNjg5Mzg3NjQyfQ.-CUAeu1D1_rjJBiPRg273pEg9jGdoSSCOTrLcwq2O_U
				Accept=*/*
				Content-Type=application/json
Cookies:		<none>
Multiparts:		<none>
Body:			<none>
Request method:	GET
Request URI:	https://dummyjson.com/auth/login
Proxy:			<none>
Request params:	<none>
Query params:	<none>
Form params:	<none>
Path params:	<none>
Headers:		Authorization=Bearer eyJhbGciOiJIUzI1NiIsInR5cCI6IkpXVCJ9.eyJpZCI6MTUsInVzZXJuYW1lIjoia21pbmNoZWxsZSIsImVtYWlsIjoia21pbmNoZWxsZUBxcS5jb20iLCJmaXJzdE5hbWUiOiJKZWFubmUiLCJsYXN0TmFtZSI6IkhhbHZvcnNvbiIsImdlbmRlciI6ImZlbWFsZSIsImltYWdlIjoiaHR0cHM6Ly9yb2JvaGFzaC5vcmcvYXV0cXVpYXV0LnBuZyIsImlhdCI6MTY4OTM4NDA0MiwiZXhwIjoxNjg5Mzg3NjQyfQ.-CUAeu1D1_rjJBiPRg273pEg9jGdoSSCOTrLcwq2O_U
				Accept=*/*
				Content-Type=application/json
Cookies:		<none>
Multiparts:		<none>
Body:			<none>
Request method:	GET
Request URI:	https://dummyjson.com/auth/login
Proxy:			<none>
Request params:	<none>
Query params:	<none>
Form params:	<none>
Path params:	<none>
Headers:		Authorization=Bearer eyJhbGciOiJIUzI1NiIsInR5cCI6IkpXVCJ9.eyJpZCI6MTUsInVzZXJuYW1lIjoia21pbmNoZWxsZSIsImVtYWlsIjoia21pbmNoZWxsZUBxcS5jb20iLCJmaXJzdE5hbWUiOiJKZWFubmUiLCJsYXN0TmFtZSI6IkhhbHZvcnNvbiIsImdlbmRlciI6ImZlbWFsZSIsImltYWdlIjoiaHR0cHM6Ly9yb2JvaGFzaC5vcmcvYXV0cXVpYXV0LnBuZyIsImlhdCI6MTY4OTM4NDA0MiwiZXhwIjoxNjg5Mzg3NjQyfQ.-CUAeu1D1_rjJBiPRg273pEg9jGdoSSCOTrLcwq2O_U
				Accept=*/*
				Content-Type=application/json
Cookies:		<none>
Multiparts:		<none>
Body:			<none>
Request method:	GET
Request URI:	https://dummyjson.com/auth/login
Proxy:			<none>
Request params:	<none>
Query params:	<none>
Form params:	<none>
Path params:	<none>
Headers:		Authorization=Bearer eyJhbGciOiJIUzI1NiIsInR5cCI6IkpXVCJ9.eyJpZCI6MTUsInVzZXJuYW1lIjoia21pbmNoZWxsZSIsImVtYWlsIjoia21pbmNoZWxsZUBxcS5jb20iLCJmaXJzdE5hbWUiOiJKZWFubmUiLCJsYXN0TmFtZSI6IkhhbHZvcnNvbiIsImdlbmRlciI6ImZlbWFsZSIsImltYWdlIjoiaHR0cHM6Ly9yb2JvaGFzaC5vcmcvYXV0cXVpYXV0LnBuZyIsImlhdCI6MTY4OTM4NDA0MiwiZXhwIjoxNjg5Mzg3NjQyfQ.-CUAeu1D1_rjJBiPRg273pEg9jGdoSSCOTrLcwq2O_U
				Accept=*/*
				Content-Type=application/json
Cookies:		<none>
Multiparts:		<none>
Body:			<none>
Request method:	GET
Request URI:	https://dummyjson.com/auth/login
Proxy:			<none>
Request params:	<none>
Query params:	<none>
Form params:	<none>
Path params:	<none>
Headers:		Authorization=Bearer eyJhbGciOiJIUzI1NiIsInR5cCI6IkpXVCJ9.eyJpZCI6MTUsInVzZXJuYW1lIjoia21pbmNoZWxsZSIsImVtYWlsIjoia21pbmNoZWxsZUBxcS5jb20iLCJmaXJzdE5hbWUiOiJKZWFubmUiLCJsYXN0TmFtZSI6IkhhbHZvcnNvbiIsImdlbmRlciI6ImZlbWFsZSIsImltYWdlIjoiaHR0cHM6Ly9yb2JvaGFzaC5vcmcvYXV0cXVpYXV0LnBuZyIsImlhdCI6MTY4OTM4NDA0MiwiZXhwIjoxNjg5Mzg3NjQyfQ.-CUAeu1D1_rjJBiPRg273pEg9jGdoSSCOTrLcwq2O_U
				Accept=*/*
				Content-Type=application/json
Cookies:		<none>
Multiparts:		<none>
Body:			<none>
Request method:	GET
Request URI:	https://dummyjson.com/auth/login
Proxy:			<none>
Request params:	<none>
Query params:	<none>
Form params:	<none>
Path params:	<none>
Headers:		Authorization=Bearer eyJhbGciOiJIUzI1NiIsInR5cCI6IkpXVCJ9.eyJpZCI6MTUsInVzZXJuYW1lIjoia21pbmNoZWxsZSIsImVtYWlsIjoia21pbmNoZWxsZUBxcS5jb20iLCJmaXJzdE5hbWUiOiJKZWFubmUiLCJsYXN0TmFtZSI6IkhhbHZvcnNvbiIsImdlbmRlciI6ImZlbWFsZSIsImltYWdlIjoiaHR0cHM6Ly9yb2JvaGFzaC5vcmcvYXV0cXVpYXV0LnBuZyIsImlhdCI6MTY4OTM4NDA0MiwiZXhwIjoxNjg5Mzg3NjQyfQ.-CUAeu1D1_rjJBiPRg273pEg9jGdoSSCOTrLcwq2O_U
				Accept=*/*
				Content-Type=application/json
Cookies:		<none>
Multiparts:		<none>
Body:			<none>
Request method:	GET
Request URI:	https://dummyjson.com/auth/login
Proxy:			<none>
Request params:	<none>
Query params:	<none>
Form params:	<none>
Path params:	<none>
Headers:		Authorization=Bearer eyJhbGciOiJIUzI1NiIsInR5cCI6IkpXVCJ9.eyJpZCI6MTUsInVzZXJuYW1lIjoia21pbmNoZWxsZSIsImVtYWlsIjoia21pbmNoZWxsZUBxcS5jb20iLCJmaXJzdE5hbWUiOiJKZWFubmUiLCJsYXN0TmFtZSI6IkhhbHZvcnNvbiIsImdlbmRlciI6ImZlbWFsZSIsImltYWdlIjoiaHR0cHM6Ly9yb2JvaGFzaC5vcmcvYXV0cXVpYXV0LnBuZyIsImlhdCI6MTY4OTM4NDA0MiwiZXhwIjoxNjg5Mzg3NjQyfQ.-CUAeu1D1_rjJBiPRg273pEg9jGdoSSCOTrLcwq2O_U
				Accept=*/*
				Content-Type=application/json
Cookies:		<none>
Multiparts:		<none>
Body:			<none>
Request method:	GET
Request URI:	https://dummyjson.com/auth/login
Proxy:			<none>
Request params:	<none>
Query params:	<none>
Form params:	<none>
Path params:	<none>
Headers:		Authorization=Bearer eyJhbGciOiJIUzI1NiIsInR5cCI6IkpXVCJ9.eyJpZCI6MTUsInVzZXJuYW1lIjoia21pbmNoZWxsZSIsImVtYWlsIjoia21pbmNoZWxsZUBxcS5jb20iLCJmaXJzdE5hbWUiOiJKZWFubmUiLCJsYXN0TmFtZSI6IkhhbHZvcnNvbiIsImdlbmRlciI6ImZlbWFsZSIsImltYWdlIjoiaHR0cHM6Ly9yb2JvaGFzaC5vcmcvYXV0cXVpYXV0LnBuZyIsImlhdCI6MTY4OTM4NDA0MiwiZXhwIjoxNjg5Mzg3NjQyfQ.-CUAeu1D1_rjJBiPRg273pEg9jGdoSSCOTrLcwq2O_U
				Accept=*/*
				Content-Type=application/json
Cookies:		<none>
Multiparts:		<none>
Body:			<none>
Request method:	GET
Request URI:	https://dummyjson.com/auth/login
Proxy:			<none>
Request params:	<none>
Query params:	<none>
Form params:	<none>
Path params:	<none>
Headers:		Authorization=Bearer eyJhbGciOiJIUzI1NiIsInR5cCI6IkpXVCJ9.eyJpZCI6MTUsInVzZXJuYW1lIjoia21pbmNoZWxsZSIsImVtYWlsIjoia21pbmNoZWxsZUBxcS5jb20iLCJmaXJzdE5hbWUiOiJKZWFubmUiLCJsYXN0TmFtZSI6IkhhbHZvcnNvbiIsImdlbmRlciI6ImZlbWFsZSIsImltYWdlIjoiaHR0cHM6Ly9yb2JvaGFzaC5vcmcvYXV0cXVpYXV0LnBuZyIsImlhdCI6MTY4OTM4NDA0MiwiZXhwIjoxNjg5Mzg3NjQyfQ.-CUAeu1D1_rjJBiPRg273pEg9jGdoSSCOTrLcwq2O_U
				Accept=*/*
				Content-Type=application/json
Cookies:		<none>
Multiparts:		<none>
Body:			<none>
HTTP/1.1 401 Unauthorized
access-control-allow-origin: *
x-dns-prefetch-control: off
x-frame-options: SAMEORIGIN
strict-transport-security: max-age=15552000; includeSubDomains
x-download-options: noopen
x-content-type-options: nosniff
x-xss-protection: 1; mode=block
x-ratelimit-limit: 120
x-ratelimit-remaining: 108
date: Wed, 19 Jul 2023 00:35:40 GMT
x-ratelimit-reset: 1689726945
content-type: application/json; charset=utf-8
content-length: 94
etag: W/"5e-a4jF3Yk8wxfdhfSEe6FWIYqqrL0"
vary: Accept-Encoding
server: railway

{
    "name": "TokenExpiredError",
    "message": "Token Expired!",
    "expiredAt": "2023-07-15T02:20:42.000Z"
}
18-07-2023 21:35:40 INFO  BaseTest:70 - Request method:	GET
Request URI:	https://dummyjson.com/auth/login
Proxy:			<none>
Request params:	<none>
Query params:	<none>
Form params:	<none>
Path params:	<none>
Headers:		Authorization=Bearer eyJhbGciOiJIUzI1NiIsInR5cCI6IkpXVCJ9.eyJpZCI6MTUsInVzZXJuYW1lIjoia21pbmNoZWxsZSIsImVtYWlsIjoia21pbmNoZWxsZUBxcS5jb20iLCJmaXJzdE5hbWUiOiJKZWFubmUiLCJsYXN0TmFtZSI6IkhhbHZvcnNvbiIsImdlbmRlciI6ImZlbWFsZSIsImltYWdlIjoiaHR0cHM6Ly9yb2JvaGFzaC5vcmcvYXV0cXVpYXV0LnBuZyIsImlhdCI6MTY4OTM4NDA0MiwiZXhwIjoxNjg5Mzg3NjQyfQ.-CUAeu1D1_rjJBiPRg273pEg9jGdoSSCOTrLcwq2O_U
				Accept=*/*
				Content-Type=application/json
Cookies:		<none>
Multiparts:		<none>
Body:			<none>

18-07-2023 21:35:40 INFO  BaseTest:71 -  RESPONSE: 
HTTP/1.1 401 Unauthorized
access-control-allow-origin: *
x-dns-prefetch-control: off
x-frame-options: SAMEORIGIN
strict-transport-security: max-age=15552000; includeSubDomains
x-download-options: noopen
x-content-type-options: nosniff
x-xss-protection: 1; mode=block
x-ratelimit-limit: 120
x-ratelimit-remaining: 108
date: Wed, 19 Jul 2023 00:35:40 GMT
x-ratelimit-reset: 1689726945
content-type: application/json; charset=utf-8
content-length: 94
etag: W/"5e-a4jF3Yk8wxfdhfSEe6FWIYqqrL0"
vary: Accept-Encoding
server: railway

{
    "name": "TokenExpiredError",
    "message": "Token Expired!",
    "expiredAt": "2023-07-15T02:20:42.000Z"
}

18-07-2023 21:35:40 INFO  BaseTest:72 - FINISH -> t04_shouldNotLoginWithExpiredToken
]]></system-out>
  </testcase>
  <testcase name="t05_shouldGetProductsWithoutAuthorization" classname="test.TestSicredNegativeTests" time="0.598">
    <system-out><![CDATA[18-07-2023 21:35:40 INFO  BaseTest:63 - START -> t05_shouldGetProductsWithoutAuthorization
Request method:	GET
Request URI:	https://dummyjson.com/auth/products
Proxy:			<none>
Request params:	<none>
Query params:	<none>
Form params:	<none>
Path params:	<none>
Headers:		Accept=*/*
				Content-Type=application/json
Cookies:		<none>
Multiparts:		<none>
Body:			<none>
Request method:	GET
Request URI:	https://dummyjson.com/auth/products
Proxy:			<none>
Request params:	<none>
Query params:	<none>
Form params:	<none>
Path params:	<none>
Headers:		Accept=*/*
				Content-Type=application/json
Cookies:		<none>
Multiparts:		<none>
Body:			<none>
Request method:	GET
Request URI:	https://dummyjson.com/auth/products
Proxy:			<none>
Request params:	<none>
Query params:	<none>
Form params:	<none>
Path params:	<none>
Headers:		Accept=*/*
				Content-Type=application/json
Cookies:		<none>
Multiparts:		<none>
Body:			<none>
Request method:	GET
Request URI:	https://dummyjson.com/auth/products
Proxy:			<none>
Request params:	<none>
Query params:	<none>
Form params:	<none>
Path params:	<none>
Headers:		Accept=*/*
				Content-Type=application/json
Cookies:		<none>
Multiparts:		<none>
Body:			<none>
Request method:	GET
Request URI:	https://dummyjson.com/auth/products
Proxy:			<none>
Request params:	<none>
Query params:	<none>
Form params:	<none>
Path params:	<none>
Headers:		Accept=*/*
				Content-Type=application/json
Cookies:		<none>
Multiparts:		<none>
Body:			<none>
Request method:	GET
Request URI:	https://dummyjson.com/auth/products
Proxy:			<none>
Request params:	<none>
Query params:	<none>
Form params:	<none>
Path params:	<none>
Headers:		Accept=*/*
				Content-Type=application/json
Cookies:		<none>
Multiparts:		<none>
Body:			<none>
Request method:	GET
Request URI:	https://dummyjson.com/auth/products
Proxy:			<none>
Request params:	<none>
Query params:	<none>
Form params:	<none>
Path params:	<none>
Headers:		Accept=*/*
				Content-Type=application/json
Cookies:		<none>
Multiparts:		<none>
Body:			<none>
Request method:	GET
Request URI:	https://dummyjson.com/auth/products
Proxy:			<none>
Request params:	<none>
Query params:	<none>
Form params:	<none>
Path params:	<none>
Headers:		Accept=*/*
				Content-Type=application/json
Cookies:		<none>
Multiparts:		<none>
Body:			<none>
Request method:	GET
Request URI:	https://dummyjson.com/auth/products
Proxy:			<none>
Request params:	<none>
Query params:	<none>
Form params:	<none>
Path params:	<none>
Headers:		Accept=*/*
				Content-Type=application/json
Cookies:		<none>
Multiparts:		<none>
Body:			<none>
Request method:	GET
Request URI:	https://dummyjson.com/auth/products
Proxy:			<none>
Request params:	<none>
Query params:	<none>
Form params:	<none>
Path params:	<none>
Headers:		Accept=*/*
				Content-Type=application/json
Cookies:		<none>
Multiparts:		<none>
Body:			<none>
Request method:	GET
Request URI:	https://dummyjson.com/auth/products
Proxy:			<none>
Request params:	<none>
Query params:	<none>
Form params:	<none>
Path params:	<none>
Headers:		Accept=*/*
				Content-Type=application/json
Cookies:		<none>
Multiparts:		<none>
Body:			<none>
Request method:	GET
Request URI:	https://dummyjson.com/auth/products
Proxy:			<none>
Request params:	<none>
Query params:	<none>
Form params:	<none>
Path params:	<none>
Headers:		Accept=*/*
				Content-Type=application/json
Cookies:		<none>
Multiparts:		<none>
Body:			<none>
HTTP/1.1 403 Forbidden
access-control-allow-origin: *
x-dns-prefetch-control: off
x-frame-options: SAMEORIGIN
strict-transport-security: max-age=15552000; includeSubDomains
x-download-options: noopen
x-content-type-options: nosniff
x-xss-protection: 1; mode=block
x-ratelimit-limit: 120
x-ratelimit-remaining: 107
date: Wed, 19 Jul 2023 00:35:40 GMT
x-ratelimit-reset: 1689726945
content-type: application/json; charset=utf-8
content-length: 36
etag: W/"24-b6+X0C/ln0y1N3t8Keg4pCe3GoU"
vary: Accept-Encoding
server: railway

{
    "message": "Authentication Problem"
}
18-07-2023 21:35:41 INFO  BaseTest:70 - Request method:	GET
Request URI:	https://dummyjson.com/auth/products
Proxy:			<none>
Request params:	<none>
Query params:	<none>
Form params:	<none>
Path params:	<none>
Headers:		Accept=*/*
				Content-Type=application/json
Cookies:		<none>
Multiparts:		<none>
Body:			<none>

18-07-2023 21:35:41 INFO  BaseTest:71 -  RESPONSE: 
HTTP/1.1 403 Forbidden
access-control-allow-origin: *
x-dns-prefetch-control: off
x-frame-options: SAMEORIGIN
strict-transport-security: max-age=15552000; includeSubDomains
x-download-options: noopen
x-content-type-options: nosniff
x-xss-protection: 1; mode=block
x-ratelimit-limit: 120
x-ratelimit-remaining: 107
date: Wed, 19 Jul 2023 00:35:40 GMT
x-ratelimit-reset: 1689726945
content-type: application/json; charset=utf-8
content-length: 36
etag: W/"24-b6+X0C/ln0y1N3t8Keg4pCe3GoU"
vary: Accept-Encoding
server: railway

{
    "message": "Authentication Problem"
}

18-07-2023 21:35:41 INFO  BaseTest:72 - FINISH -> t05_shouldGetProductsWithoutAuthorization
]]></system-out>
  </testcase>
  <testcase name="t06_shouldGetProductsExpiredToken" classname="test.TestSicredNegativeTests" time="0.62">
    <failure message="1 expectation failed.&#10;JSON path name doesn&apos;t match.&#10;Expected: is &quot;JsonWebTokenError&quot;&#10;  Actual: TokenExpiredError&#10;" type="java.lang.AssertionError"><![CDATA[java.lang.AssertionError: 
1 expectation failed.
JSON path name doesn't match.
Expected: is "JsonWebTokenError"
  Actual: TokenExpiredError

	at test.TestSicredNegativeTests.t06_shouldGetProductsExpiredToken(TestSicredNegativeTests.java:131)
]]></failure>
    <system-out><![CDATA[18-07-2023 21:35:41 INFO  BaseTest:63 - START -> t06_shouldGetProductsExpiredToken
Request method:	GET
Request URI:	https://dummyjson.com/auth/products
Proxy:			<none>
Request params:	<none>
Query params:	<none>
Form params:	<none>
Path params:	<none>
Headers:		Authorization=Bearer eyJhbGciOiJIUzI1NiIsInR5cCI6IkpXVCJ9.eyJpZCI6MTUsInVzZXJuYW1lIjoia21pbmNoZWxsZSIsImVtYWlsIjoia21pbmNoZWxsZUBxcS5jb20iLCJmaXJzdE5hbWUiOiJKZWFubmUiLCJsYXN0TmFtZSI6IkhhbHZvcnNvbiIsImdlbmRlciI6ImZlbWFsZSIsImltYWdlIjoiaHR0cHM6Ly9yb2JvaGFzaC5vcmcvYXV0cXVpYXV0LnBuZyIsImlhdCI6MTY4OTM4NDA0MiwiZXhwIjoxNjg5Mzg3NjQyfQ.-CUAeu1D1_rjJBiPRg273pEg9jGdoSSCOTrLcwq2O_U
				Accept=*/*
				Content-Type=application/json
Cookies:		<none>
Multiparts:		<none>
Body:			<none>
Request method:	GET
Request URI:	https://dummyjson.com/auth/products
Proxy:			<none>
Request params:	<none>
Query params:	<none>
Form params:	<none>
Path params:	<none>
Headers:		Authorization=Bearer eyJhbGciOiJIUzI1NiIsInR5cCI6IkpXVCJ9.eyJpZCI6MTUsInVzZXJuYW1lIjoia21pbmNoZWxsZSIsImVtYWlsIjoia21pbmNoZWxsZUBxcS5jb20iLCJmaXJzdE5hbWUiOiJKZWFubmUiLCJsYXN0TmFtZSI6IkhhbHZvcnNvbiIsImdlbmRlciI6ImZlbWFsZSIsImltYWdlIjoiaHR0cHM6Ly9yb2JvaGFzaC5vcmcvYXV0cXVpYXV0LnBuZyIsImlhdCI6MTY4OTM4NDA0MiwiZXhwIjoxNjg5Mzg3NjQyfQ.-CUAeu1D1_rjJBiPRg273pEg9jGdoSSCOTrLcwq2O_U
				Accept=*/*
				Content-Type=application/json
Cookies:		<none>
Multiparts:		<none>
Body:			<none>
Request method:	GET
Request URI:	https://dummyjson.com/auth/products
Proxy:			<none>
Request params:	<none>
Query params:	<none>
Form params:	<none>
Path params:	<none>
Headers:		Authorization=Bearer eyJhbGciOiJIUzI1NiIsInR5cCI6IkpXVCJ9.eyJpZCI6MTUsInVzZXJuYW1lIjoia21pbmNoZWxsZSIsImVtYWlsIjoia21pbmNoZWxsZUBxcS5jb20iLCJmaXJzdE5hbWUiOiJKZWFubmUiLCJsYXN0TmFtZSI6IkhhbHZvcnNvbiIsImdlbmRlciI6ImZlbWFsZSIsImltYWdlIjoiaHR0cHM6Ly9yb2JvaGFzaC5vcmcvYXV0cXVpYXV0LnBuZyIsImlhdCI6MTY4OTM4NDA0MiwiZXhwIjoxNjg5Mzg3NjQyfQ.-CUAeu1D1_rjJBiPRg273pEg9jGdoSSCOTrLcwq2O_U
				Accept=*/*
				Content-Type=application/json
Cookies:		<none>
Multiparts:		<none>
Body:			<none>
Request method:	GET
Request URI:	https://dummyjson.com/auth/products
Proxy:			<none>
Request params:	<none>
Query params:	<none>
Form params:	<none>
Path params:	<none>
Headers:		Authorization=Bearer eyJhbGciOiJIUzI1NiIsInR5cCI6IkpXVCJ9.eyJpZCI6MTUsInVzZXJuYW1lIjoia21pbmNoZWxsZSIsImVtYWlsIjoia21pbmNoZWxsZUBxcS5jb20iLCJmaXJzdE5hbWUiOiJKZWFubmUiLCJsYXN0TmFtZSI6IkhhbHZvcnNvbiIsImdlbmRlciI6ImZlbWFsZSIsImltYWdlIjoiaHR0cHM6Ly9yb2JvaGFzaC5vcmcvYXV0cXVpYXV0LnBuZyIsImlhdCI6MTY4OTM4NDA0MiwiZXhwIjoxNjg5Mzg3NjQyfQ.-CUAeu1D1_rjJBiPRg273pEg9jGdoSSCOTrLcwq2O_U
				Accept=*/*
				Content-Type=application/json
Cookies:		<none>
Multiparts:		<none>
Body:			<none>
Request method:	GET
Request URI:	https://dummyjson.com/auth/products
Proxy:			<none>
Request params:	<none>
Query params:	<none>
Form params:	<none>
Path params:	<none>
Headers:		Authorization=Bearer eyJhbGciOiJIUzI1NiIsInR5cCI6IkpXVCJ9.eyJpZCI6MTUsInVzZXJuYW1lIjoia21pbmNoZWxsZSIsImVtYWlsIjoia21pbmNoZWxsZUBxcS5jb20iLCJmaXJzdE5hbWUiOiJKZWFubmUiLCJsYXN0TmFtZSI6IkhhbHZvcnNvbiIsImdlbmRlciI6ImZlbWFsZSIsImltYWdlIjoiaHR0cHM6Ly9yb2JvaGFzaC5vcmcvYXV0cXVpYXV0LnBuZyIsImlhdCI6MTY4OTM4NDA0MiwiZXhwIjoxNjg5Mzg3NjQyfQ.-CUAeu1D1_rjJBiPRg273pEg9jGdoSSCOTrLcwq2O_U
				Accept=*/*
				Content-Type=application/json
Cookies:		<none>
Multiparts:		<none>
Body:			<none>
Request method:	GET
Request URI:	https://dummyjson.com/auth/products
Proxy:			<none>
Request params:	<none>
Query params:	<none>
Form params:	<none>
Path params:	<none>
Headers:		Authorization=Bearer eyJhbGciOiJIUzI1NiIsInR5cCI6IkpXVCJ9.eyJpZCI6MTUsInVzZXJuYW1lIjoia21pbmNoZWxsZSIsImVtYWlsIjoia21pbmNoZWxsZUBxcS5jb20iLCJmaXJzdE5hbWUiOiJKZWFubmUiLCJsYXN0TmFtZSI6IkhhbHZvcnNvbiIsImdlbmRlciI6ImZlbWFsZSIsImltYWdlIjoiaHR0cHM6Ly9yb2JvaGFzaC5vcmcvYXV0cXVpYXV0LnBuZyIsImlhdCI6MTY4OTM4NDA0MiwiZXhwIjoxNjg5Mzg3NjQyfQ.-CUAeu1D1_rjJBiPRg273pEg9jGdoSSCOTrLcwq2O_U
				Accept=*/*
				Content-Type=application/json
Cookies:		<none>
Multiparts:		<none>
Body:			<none>
Request method:	GET
Request URI:	https://dummyjson.com/auth/products
Proxy:			<none>
Request params:	<none>
Query params:	<none>
Form params:	<none>
Path params:	<none>
Headers:		Authorization=Bearer eyJhbGciOiJIUzI1NiIsInR5cCI6IkpXVCJ9.eyJpZCI6MTUsInVzZXJuYW1lIjoia21pbmNoZWxsZSIsImVtYWlsIjoia21pbmNoZWxsZUBxcS5jb20iLCJmaXJzdE5hbWUiOiJKZWFubmUiLCJsYXN0TmFtZSI6IkhhbHZvcnNvbiIsImdlbmRlciI6ImZlbWFsZSIsImltYWdlIjoiaHR0cHM6Ly9yb2JvaGFzaC5vcmcvYXV0cXVpYXV0LnBuZyIsImlhdCI6MTY4OTM4NDA0MiwiZXhwIjoxNjg5Mzg3NjQyfQ.-CUAeu1D1_rjJBiPRg273pEg9jGdoSSCOTrLcwq2O_U
				Accept=*/*
				Content-Type=application/json
Cookies:		<none>
Multiparts:		<none>
Body:			<none>
Request method:	GET
Request URI:	https://dummyjson.com/auth/products
Proxy:			<none>
Request params:	<none>
Query params:	<none>
Form params:	<none>
Path params:	<none>
Headers:		Authorization=Bearer eyJhbGciOiJIUzI1NiIsInR5cCI6IkpXVCJ9.eyJpZCI6MTUsInVzZXJuYW1lIjoia21pbmNoZWxsZSIsImVtYWlsIjoia21pbmNoZWxsZUBxcS5jb20iLCJmaXJzdE5hbWUiOiJKZWFubmUiLCJsYXN0TmFtZSI6IkhhbHZvcnNvbiIsImdlbmRlciI6ImZlbWFsZSIsImltYWdlIjoiaHR0cHM6Ly9yb2JvaGFzaC5vcmcvYXV0cXVpYXV0LnBuZyIsImlhdCI6MTY4OTM4NDA0MiwiZXhwIjoxNjg5Mzg3NjQyfQ.-CUAeu1D1_rjJBiPRg273pEg9jGdoSSCOTrLcwq2O_U
				Accept=*/*
				Content-Type=application/json
Cookies:		<none>
Multiparts:		<none>
Body:			<none>
Request method:	GET
Request URI:	https://dummyjson.com/auth/products
Proxy:			<none>
Request params:	<none>
Query params:	<none>
Form params:	<none>
Path params:	<none>
Headers:		Authorization=Bearer eyJhbGciOiJIUzI1NiIsInR5cCI6IkpXVCJ9.eyJpZCI6MTUsInVzZXJuYW1lIjoia21pbmNoZWxsZSIsImVtYWlsIjoia21pbmNoZWxsZUBxcS5jb20iLCJmaXJzdE5hbWUiOiJKZWFubmUiLCJsYXN0TmFtZSI6IkhhbHZvcnNvbiIsImdlbmRlciI6ImZlbWFsZSIsImltYWdlIjoiaHR0cHM6Ly9yb2JvaGFzaC5vcmcvYXV0cXVpYXV0LnBuZyIsImlhdCI6MTY4OTM4NDA0MiwiZXhwIjoxNjg5Mzg3NjQyfQ.-CUAeu1D1_rjJBiPRg273pEg9jGdoSSCOTrLcwq2O_U
				Accept=*/*
				Content-Type=application/json
Cookies:		<none>
Multiparts:		<none>
Body:			<none>
Request method:	GET
Request URI:	https://dummyjson.com/auth/products
Proxy:			<none>
Request params:	<none>
Query params:	<none>
Form params:	<none>
Path params:	<none>
Headers:		Authorization=Bearer eyJhbGciOiJIUzI1NiIsInR5cCI6IkpXVCJ9.eyJpZCI6MTUsInVzZXJuYW1lIjoia21pbmNoZWxsZSIsImVtYWlsIjoia21pbmNoZWxsZUBxcS5jb20iLCJmaXJzdE5hbWUiOiJKZWFubmUiLCJsYXN0TmFtZSI6IkhhbHZvcnNvbiIsImdlbmRlciI6ImZlbWFsZSIsImltYWdlIjoiaHR0cHM6Ly9yb2JvaGFzaC5vcmcvYXV0cXVpYXV0LnBuZyIsImlhdCI6MTY4OTM4NDA0MiwiZXhwIjoxNjg5Mzg3NjQyfQ.-CUAeu1D1_rjJBiPRg273pEg9jGdoSSCOTrLcwq2O_U
				Accept=*/*
				Content-Type=application/json
Cookies:		<none>
Multiparts:		<none>
Body:			<none>
Request method:	GET
Request URI:	https://dummyjson.com/auth/products
Proxy:			<none>
Request params:	<none>
Query params:	<none>
Form params:	<none>
Path params:	<none>
Headers:		Authorization=Bearer eyJhbGciOiJIUzI1NiIsInR5cCI6IkpXVCJ9.eyJpZCI6MTUsInVzZXJuYW1lIjoia21pbmNoZWxsZSIsImVtYWlsIjoia21pbmNoZWxsZUBxcS5jb20iLCJmaXJzdE5hbWUiOiJKZWFubmUiLCJsYXN0TmFtZSI6IkhhbHZvcnNvbiIsImdlbmRlciI6ImZlbWFsZSIsImltYWdlIjoiaHR0cHM6Ly9yb2JvaGFzaC5vcmcvYXV0cXVpYXV0LnBuZyIsImlhdCI6MTY4OTM4NDA0MiwiZXhwIjoxNjg5Mzg3NjQyfQ.-CUAeu1D1_rjJBiPRg273pEg9jGdoSSCOTrLcwq2O_U
				Accept=*/*
				Content-Type=application/json
Cookies:		<none>
Multiparts:		<none>
Body:			<none>
Request method:	GET
Request URI:	https://dummyjson.com/auth/products
Proxy:			<none>
Request params:	<none>
Query params:	<none>
Form params:	<none>
Path params:	<none>
Headers:		Authorization=Bearer eyJhbGciOiJIUzI1NiIsInR5cCI6IkpXVCJ9.eyJpZCI6MTUsInVzZXJuYW1lIjoia21pbmNoZWxsZSIsImVtYWlsIjoia21pbmNoZWxsZUBxcS5jb20iLCJmaXJzdE5hbWUiOiJKZWFubmUiLCJsYXN0TmFtZSI6IkhhbHZvcnNvbiIsImdlbmRlciI6ImZlbWFsZSIsImltYWdlIjoiaHR0cHM6Ly9yb2JvaGFzaC5vcmcvYXV0cXVpYXV0LnBuZyIsImlhdCI6MTY4OTM4NDA0MiwiZXhwIjoxNjg5Mzg3NjQyfQ.-CUAeu1D1_rjJBiPRg273pEg9jGdoSSCOTrLcwq2O_U
				Accept=*/*
				Content-Type=application/json
Cookies:		<none>
Multiparts:		<none>
Body:			<none>
Request method:	GET
Request URI:	https://dummyjson.com/auth/products
Proxy:			<none>
Request params:	<none>
Query params:	<none>
Form params:	<none>
Path params:	<none>
Headers:		Authorization=Bearer eyJhbGciOiJIUzI1NiIsInR5cCI6IkpXVCJ9.eyJpZCI6MTUsInVzZXJuYW1lIjoia21pbmNoZWxsZSIsImVtYWlsIjoia21pbmNoZWxsZUBxcS5jb20iLCJmaXJzdE5hbWUiOiJKZWFubmUiLCJsYXN0TmFtZSI6IkhhbHZvcnNvbiIsImdlbmRlciI6ImZlbWFsZSIsImltYWdlIjoiaHR0cHM6Ly9yb2JvaGFzaC5vcmcvYXV0cXVpYXV0LnBuZyIsImlhdCI6MTY4OTM4NDA0MiwiZXhwIjoxNjg5Mzg3NjQyfQ.-CUAeu1D1_rjJBiPRg273pEg9jGdoSSCOTrLcwq2O_U
				Accept=*/*
				Content-Type=application/json
Cookies:		<none>
Multiparts:		<none>
Body:			<none>
18-07-2023 21:35:41 INFO  BaseTest:70 - Request method:	GET
Request URI:	https://dummyjson.com/auth/products
Proxy:			<none>
Request params:	<none>
Query params:	<none>
Form params:	<none>
Path params:	<none>
Headers:		Authorization=Bearer eyJhbGciOiJIUzI1NiIsInR5cCI6IkpXVCJ9.eyJpZCI6MTUsInVzZXJuYW1lIjoia21pbmNoZWxsZSIsImVtYWlsIjoia21pbmNoZWxsZUBxcS5jb20iLCJmaXJzdE5hbWUiOiJKZWFubmUiLCJsYXN0TmFtZSI6IkhhbHZvcnNvbiIsImdlbmRlciI6ImZlbWFsZSIsImltYWdlIjoiaHR0cHM6Ly9yb2JvaGFzaC5vcmcvYXV0cXVpYXV0LnBuZyIsImlhdCI6MTY4OTM4NDA0MiwiZXhwIjoxNjg5Mzg3NjQyfQ.-CUAeu1D1_rjJBiPRg273pEg9jGdoSSCOTrLcwq2O_U
				Accept=*/*
				Content-Type=application/json
Cookies:		<none>
Multiparts:		<none>
Body:			<none>

18-07-2023 21:35:41 INFO  BaseTest:71 -  RESPONSE: 
HTTP/1.1 401 Unauthorized
access-control-allow-origin: *
x-dns-prefetch-control: off
x-frame-options: SAMEORIGIN
strict-transport-security: max-age=15552000; includeSubDomains
x-download-options: noopen
x-content-type-options: nosniff
x-xss-protection: 1; mode=block
x-ratelimit-limit: 120
x-ratelimit-remaining: 106
date: Wed, 19 Jul 2023 00:35:41 GMT
x-ratelimit-reset: 1689726945
content-type: application/json; charset=utf-8
content-length: 94
etag: W/"5e-a4jF3Yk8wxfdhfSEe6FWIYqqrL0"
vary: Accept-Encoding
server: railway

{
    "name": "TokenExpiredError",
    "message": "Token Expired!",
    "expiredAt": "2023-07-15T02:20:42.000Z"
}

18-07-2023 21:35:41 INFO  BaseTest:72 - FINISH -> t06_shouldGetProductsExpiredToken
]]></system-out>
  </testcase>
  <testcase name="t07_shouldAddProduct" classname="test.TestSicredNegativeTests" time="0">
    <skipped/>
  </testcase>
  <testcase name="t08_shouldGetProducts" classname="test.TestSicredNegativeTests" time="0">
    <skipped/>
  </testcase>
  <testcase name="t09_shouldGetProductsNotFound" classname="test.TestSicredNegativeTests" time="0.594">
    <system-out><![CDATA[18-07-2023 21:35:41 INFO  BaseTest:63 - START -> t09_shouldGetProductsNotFound
Request method:	GET
Request URI:	https://dummyjson.com/products/999
Proxy:			<none>
Request params:	<none>
Query params:	<none>
Form params:	<none>
Path params:	<none>
Headers:		Accept=*/*
				Content-Type=application/json
Cookies:		<none>
Multiparts:		<none>
Body:			<none>
Request method:	GET
Request URI:	https://dummyjson.com/products/999
Proxy:			<none>
Request params:	<none>
Query params:	<none>
Form params:	<none>
Path params:	<none>
Headers:		Accept=*/*
				Content-Type=application/json
Cookies:		<none>
Multiparts:		<none>
Body:			<none>
Request method:	GET
Request URI:	https://dummyjson.com/products/999
Proxy:			<none>
Request params:	<none>
Query params:	<none>
Form params:	<none>
Path params:	<none>
Headers:		Accept=*/*
				Content-Type=application/json
Cookies:		<none>
Multiparts:		<none>
Body:			<none>
Request method:	GET
Request URI:	https://dummyjson.com/products/999
Proxy:			<none>
Request params:	<none>
Query params:	<none>
Form params:	<none>
Path params:	<none>
Headers:		Accept=*/*
				Content-Type=application/json
Cookies:		<none>
Multiparts:		<none>
Body:			<none>
Request method:	GET
Request URI:	https://dummyjson.com/products/999
Proxy:			<none>
Request params:	<none>
Query params:	<none>
Form params:	<none>
Path params:	<none>
Headers:		Accept=*/*
				Content-Type=application/json
Cookies:		<none>
Multiparts:		<none>
Body:			<none>
Request method:	GET
Request URI:	https://dummyjson.com/products/999
Proxy:			<none>
Request params:	<none>
Query params:	<none>
Form params:	<none>
Path params:	<none>
Headers:		Accept=*/*
				Content-Type=application/json
Cookies:		<none>
Multiparts:		<none>
Body:			<none>
Request method:	GET
Request URI:	https://dummyjson.com/products/999
Proxy:			<none>
Request params:	<none>
Query params:	<none>
Form params:	<none>
Path params:	<none>
Headers:		Accept=*/*
				Content-Type=application/json
Cookies:		<none>
Multiparts:		<none>
Body:			<none>
Request method:	GET
Request URI:	https://dummyjson.com/products/999
Proxy:			<none>
Request params:	<none>
Query params:	<none>
Form params:	<none>
Path params:	<none>
Headers:		Accept=*/*
				Content-Type=application/json
Cookies:		<none>
Multiparts:		<none>
Body:			<none>
Request method:	GET
Request URI:	https://dummyjson.com/products/999
Proxy:			<none>
Request params:	<none>
Query params:	<none>
Form params:	<none>
Path params:	<none>
Headers:		Accept=*/*
				Content-Type=application/json
Cookies:		<none>
Multiparts:		<none>
Body:			<none>
Request method:	GET
Request URI:	https://dummyjson.com/products/999
Proxy:			<none>
Request params:	<none>
Query params:	<none>
Form params:	<none>
Path params:	<none>
Headers:		Accept=*/*
				Content-Type=application/json
Cookies:		<none>
Multiparts:		<none>
Body:			<none>
Request method:	GET
Request URI:	https://dummyjson.com/products/999
Proxy:			<none>
Request params:	<none>
Query params:	<none>
Form params:	<none>
Path params:	<none>
Headers:		Accept=*/*
				Content-Type=application/json
Cookies:		<none>
Multiparts:		<none>
Body:			<none>
Request method:	GET
Request URI:	https://dummyjson.com/products/999
Proxy:			<none>
Request params:	<none>
Query params:	<none>
Form params:	<none>
Path params:	<none>
Headers:		Accept=*/*
				Content-Type=application/json
Cookies:		<none>
Multiparts:		<none>
Body:			<none>
Request method:	GET
Request URI:	https://dummyjson.com/products/999
Proxy:			<none>
Request params:	<none>
Query params:	<none>
Form params:	<none>
Path params:	<none>
Headers:		Accept=*/*
				Content-Type=application/json
Cookies:		<none>
Multiparts:		<none>
Body:			<none>
Request method:	GET
Request URI:	https://dummyjson.com/products/999
Proxy:			<none>
Request params:	<none>
Query params:	<none>
Form params:	<none>
Path params:	<none>
Headers:		Accept=*/*
				Content-Type=application/json
Cookies:		<none>
Multiparts:		<none>
Body:			<none>
HTTP/1.1 404 Not Found
access-control-allow-origin: *
x-dns-prefetch-control: off
x-frame-options: SAMEORIGIN
strict-transport-security: max-age=15552000; includeSubDomains
x-download-options: noopen
x-content-type-options: nosniff
x-xss-protection: 1; mode=block
x-ratelimit-limit: 120
x-ratelimit-remaining: 105
date: Wed, 19 Jul 2023 00:35:41 GMT
x-ratelimit-reset: 1689726945
content-type: application/json; charset=utf-8
content-length: 45
etag: W/"2d-b0eJ0ijTYoEtt1B3rwKlWGNfMtQ"
vary: Accept-Encoding
server: railway

{
    "message": "Product with id '999' not found"
}
18-07-2023 21:35:42 INFO  BaseTest:70 - Request method:	GET
Request URI:	https://dummyjson.com/products/999
Proxy:			<none>
Request params:	<none>
Query params:	<none>
Form params:	<none>
Path params:	<none>
Headers:		Accept=*/*
				Content-Type=application/json
Cookies:		<none>
Multiparts:		<none>
Body:			<none>

18-07-2023 21:35:42 INFO  BaseTest:71 -  RESPONSE: 
HTTP/1.1 404 Not Found
access-control-allow-origin: *
x-dns-prefetch-control: off
x-frame-options: SAMEORIGIN
strict-transport-security: max-age=15552000; includeSubDomains
x-download-options: noopen
x-content-type-options: nosniff
x-xss-protection: 1; mode=block
x-ratelimit-limit: 120
x-ratelimit-remaining: 105
date: Wed, 19 Jul 2023 00:35:41 GMT
x-ratelimit-reset: 1689726945
content-type: application/json; charset=utf-8
content-length: 45
etag: W/"2d-b0eJ0ijTYoEtt1B3rwKlWGNfMtQ"
vary: Accept-Encoding
server: railway

{
    "message": "Product with id '999' not found"
}

18-07-2023 21:35:42 INFO  BaseTest:72 - FINISH -> t09_shouldGetProductsNotFound
]]></system-out>
  </testcase>
</testsuite>